INFO 2024-02-10 10:25:06,432 autoreload 15760 140694718541824 Watching for file changes with StatReloader
INFO 2024-02-10 10:26:12,817 autoreload 15890 140614198398976 Watching for file changes with StatReloader
ERROR 2024-02-10 10:26:16,284 log 15890 140614075151936 Internal Server Error: /
Traceback (most recent call last):
  File "/home/kawr/Документы/my_project_folder/blogproject/.venv/lib/python3.11/site-packages/django/core/handlers/exception.py", line 55, in inner
    response = get_response(request)
               ^^^^^^^^^^^^^^^^^^^^^
  File "/home/kawr/Документы/my_project_folder/blogproject/.venv/lib/python3.11/site-packages/django/core/handlers/base.py", line 197, in _get_response
    response = wrapped_callback(request, *callback_args, **callback_kwargs)
               ^^^^^^^^^^^^^^^^^^^^^^^^^^^^^^^^^^^^^^^^^^^^^^^^^^^^^^^^^^^^
  File "/home/kawr/Документы/my_project_folder/blogproject/.venv/lib/python3.11/site-packages/django/views/generic/base.py", line 104, in view
    return self.dispatch(request, *args, **kwargs)
           ^^^^^^^^^^^^^^^^^^^^^^^^^^^^^^^^^^^^^^^
  File "/home/kawr/Документы/my_project_folder/blogproject/.venv/lib/python3.11/site-packages/django/views/generic/base.py", line 143, in dispatch
    return handler(request, *args, **kwargs)
           ^^^^^^^^^^^^^^^^^^^^^^^^^^^^^^^^^
  File "/home/kawr/Документы/my_project_folder/blogproject/blogapp/views.py", line 17, in get
    return render(request, context=context)
           ^^^^^^^^^^^^^^^^^^^^^^^^^^^^^^^^
TypeError: render() missing 1 required positional argument: 'template_name'
ERROR 2024-02-10 10:26:16,285 basehttp 15890 140614075151936 "GET / HTTP/1.1" 500 83133
WARNING 2024-02-10 10:26:16,456 log 15890 140614075151936 Not Found: /favicon.ico
WARNING 2024-02-10 10:26:16,456 basehttp 15890 140614075151936 "GET /favicon.ico HTTP/1.1" 404 2528
INFO 2024-02-10 10:27:35,114 autoreload 16100 140663330902016 Watching for file changes with StatReloader
INFO 2024-02-10 10:27:38,291 basehttp 16100 140663283152448 "GET / HTTP/1.1" 200 133
INFO 2024-02-10 10:27:40,310 basehttp 16100 140663283152448 "GET / HTTP/1.1" 200 133
INFO 2024-02-10 10:28:20,682 autoreload 16100 140663330902016 /home/kawr/Документы/my_project_folder/blogproject/blogapp/admin.py changed, reloading.
INFO 2024-02-10 10:28:20,948 autoreload 16144 139652542554112 Watching for file changes with StatReloader
INFO 2024-02-10 10:28:56,267 autoreload 16144 139652542554112 /home/kawr/Документы/my_project_folder/blogproject/blogapp/admin.py changed, reloading.
INFO 2024-02-10 10:28:56,567 autoreload 16206 139824594087936 Watching for file changes with StatReloader
INFO 2024-02-10 10:30:08,814 autoreload 16257 140038852452352 Watching for file changes with StatReloader
INFO 2024-02-10 10:30:38,546 autoreload 16275 140668794671104 Watching for file changes with StatReloader
INFO 2024-02-10 10:30:41,458 basehttp 16275 140668746974784 "GET / HTTP/1.1" 200 133
INFO 2024-02-10 10:30:46,972 basehttp 16275 140668746974784 "GET /admin HTTP/1.1" 301 0
INFO 2024-02-10 10:30:46,990 basehttp 16275 140668738582080 "GET /admin/ HTTP/1.1" 302 0
INFO 2024-02-10 10:30:47,019 basehttp 16275 140668738582080 "GET /admin/login/?next=/admin/ HTTP/1.1" 200 4359
INFO 2024-02-10 10:30:47,089 basehttp 16275 140668738582080 "GET /static/admin/css/base.css HTTP/1.1" 200 21544
INFO 2024-02-10 10:30:47,091 basehttp 16275 140668728092224 "GET /static/admin/css/nav_sidebar.css HTTP/1.1" 200 2810
INFO 2024-02-10 10:30:47,091 basehttp 16275 140668746974784 "GET /static/admin/css/dark_mode.css HTTP/1.1" 200 2682
INFO 2024-02-10 10:30:47,092 basehttp 16275 140668719699520 "GET /static/admin/css/login.css HTTP/1.1" 200 958
INFO 2024-02-10 10:30:47,093 basehttp 16275 140668711306816 "GET /static/admin/css/responsive.css HTTP/1.1" 200 17905
INFO 2024-02-10 10:30:47,102 basehttp 16275 140668719699520 "GET /static/admin/js/theme.js HTTP/1.1" 200 1943
INFO 2024-02-10 10:30:47,104 basehttp 16275 140668711306816 "GET /static/admin/js/nav_sidebar.js HTTP/1.1" 200 3063
INFO 2024-02-10 10:30:53,453 basehttp 16275 140668711306816 "POST /admin/login/?next=/admin/ HTTP/1.1" 302 0
INFO 2024-02-10 10:30:53,465 basehttp 16275 140668711306816 "GET /admin/ HTTP/1.1" 200 6631
INFO 2024-02-10 10:30:53,534 basehttp 16275 140668711306816 "GET /static/admin/css/dashboard.css HTTP/1.1" 200 441
INFO 2024-02-10 10:30:53,585 basehttp 16275 140668719699520 "GET /static/admin/img/icon-changelink.svg HTTP/1.1" 200 380
INFO 2024-02-10 10:30:53,585 basehttp 16275 140668711306816 "GET /static/admin/img/icon-addlink.svg HTTP/1.1" 200 331
INFO 2024-02-10 10:30:56,280 basehttp 16275 140668711306816 "GET /admin/blogapp/user/ HTTP/1.1" 200 15156
INFO 2024-02-10 10:30:56,298 basehttp 16275 140668711306816 "GET /static/admin/css/changelists.css HTTP/1.1" 200 6811
INFO 2024-02-10 10:30:56,305 basehttp 16275 140668746974784 "GET /static/admin/js/core.js HTTP/1.1" 200 6208
INFO 2024-02-10 10:30:56,305 basehttp 16275 140668728092224 "GET /static/admin/js/jquery.init.js HTTP/1.1" 200 347
INFO 2024-02-10 10:30:56,307 basehttp 16275 140668366222912 "GET /static/admin/js/admin/RelatedObjectLookups.js HTTP/1.1" 200 9042
INFO 2024-02-10 10:30:56,309 basehttp 16275 140668738582080 "GET /static/admin/js/vendor/jquery/jquery.js HTTP/1.1" 200 285314
INFO 2024-02-10 10:30:56,312 basehttp 16275 140668719699520 "GET /admin/jsi18n/ HTTP/1.1" 200 17546
INFO 2024-02-10 10:30:56,313 basehttp 16275 140668746974784 "GET /static/admin/js/actions.js HTTP/1.1" 200 8067
INFO 2024-02-10 10:30:56,314 basehttp 16275 140668366222912 "GET /static/admin/js/prepopulate.js HTTP/1.1" 200 1531
INFO 2024-02-10 10:30:56,314 basehttp 16275 140668728092224 "GET /static/admin/js/urlify.js HTTP/1.1" 200 7887
INFO 2024-02-10 10:30:56,315 basehttp 16275 140668719699520 "GET /static/admin/img/search.svg HTTP/1.1" 200 458
INFO 2024-02-10 10:30:56,316 basehttp 16275 140668738582080 "GET /static/admin/js/vendor/xregexp/xregexp.js HTTP/1.1" 200 325171
INFO 2024-02-10 10:30:56,365 basehttp 16275 140668719699520 "GET /static/admin/js/filters.js HTTP/1.1" 200 978
INFO 2024-02-10 10:30:56,379 basehttp 16275 140668738582080 "GET /static/admin/img/icon-viewlink.svg HTTP/1.1" 200 581
INFO 2024-02-10 10:30:56,379 basehttp 16275 140668728092224 "GET /static/admin/img/tooltag-add.svg HTTP/1.1" 200 331
INFO 2024-02-10 10:30:56,379 basehttp 16275 140668366222912 "GET /static/admin/img/sorting-icons.svg HTTP/1.1" 200 1097
INFO 2024-02-10 10:30:59,267 basehttp 16275 140668738582080 "GET /admin/blogapp/post/ HTTP/1.1" 200 10379
INFO 2024-02-10 10:30:59,290 basehttp 16275 140668738582080 "GET /admin/jsi18n/ HTTP/1.1" 200 17546
INFO 2024-02-10 10:31:01,226 basehttp 16275 140668738582080 "GET /admin/blogapp/post/add/ HTTP/1.1" 200 13672
INFO 2024-02-10 10:31:01,257 basehttp 16275 140668738582080 "GET /static/admin/css/forms.css HTTP/1.1" 200 9090
INFO 2024-02-10 10:31:01,258 basehttp 16275 140668719699520 "GET /static/admin/js/admin/DateTimeShortcuts.js HTTP/1.1" 200 19319
INFO 2024-02-10 10:31:01,259 basehttp 16275 140668366222912 "GET /static/admin/js/calendar.js HTTP/1.1" 200 9141
INFO 2024-02-10 10:31:01,259 basehttp 16275 140668746974784 "GET /static/admin/js/prepopulate_init.js HTTP/1.1" 200 586
INFO 2024-02-10 10:31:01,265 basehttp 16275 140668728092224 "GET /admin/jsi18n/ HTTP/1.1" 200 17546
INFO 2024-02-10 10:31:01,280 basehttp 16275 140668719699520 "GET /static/admin/js/change_form.js HTTP/1.1" 200 606
INFO 2024-02-10 10:31:01,306 basehttp 16275 140668738582080 "GET /static/admin/css/widgets.css HTTP/1.1" 200 11800
INFO 2024-02-10 10:31:01,419 basehttp 16275 140668738582080 "GET /static/admin/img/icon-calendar.svg HTTP/1.1" 200 1086
INFO 2024-02-10 10:31:37,654 basehttp 16275 140668738582080 "POST /admin/blogapp/post/add/ HTTP/1.1" 302 0
INFO 2024-02-10 10:31:37,670 basehttp 16275 140668738582080 "GET /admin/blogapp/post/ HTTP/1.1" 200 13811
INFO 2024-02-10 10:31:37,734 basehttp 16275 140668738582080 "GET /admin/jsi18n/ HTTP/1.1" 200 17546
INFO 2024-02-10 10:31:37,799 basehttp 16275 140668738582080 "GET /static/admin/img/icon-yes.svg HTTP/1.1" 200 436
ERROR 2024-02-10 10:31:41,431 log 16275 140668738582080 Internal Server Error: /
Traceback (most recent call last):
  File "/home/kawr/Документы/my_project_folder/blogproject/.venv/lib/python3.11/site-packages/django/core/handlers/exception.py", line 55, in inner
    response = get_response(request)
               ^^^^^^^^^^^^^^^^^^^^^
  File "/home/kawr/Документы/my_project_folder/blogproject/.venv/lib/python3.11/site-packages/django/core/handlers/base.py", line 197, in _get_response
    response = wrapped_callback(request, *callback_args, **callback_kwargs)
               ^^^^^^^^^^^^^^^^^^^^^^^^^^^^^^^^^^^^^^^^^^^^^^^^^^^^^^^^^^^^
  File "/home/kawr/Документы/my_project_folder/blogproject/.venv/lib/python3.11/site-packages/django/views/generic/base.py", line 104, in view
    return self.dispatch(request, *args, **kwargs)
           ^^^^^^^^^^^^^^^^^^^^^^^^^^^^^^^^^^^^^^^
  File "/home/kawr/Документы/my_project_folder/blogproject/.venv/lib/python3.11/site-packages/django/views/generic/base.py", line 143, in dispatch
    return handler(request, *args, **kwargs)
           ^^^^^^^^^^^^^^^^^^^^^^^^^^^^^^^^^
  File "/home/kawr/Документы/my_project_folder/blogproject/blogapp/views.py", line 17, in get
    return render(request, self.template_name, context=context)
           ^^^^^^^^^^^^^^^^^^^^^^^^^^^^^^^^^^^^^^^^^^^^^^^^^^^^
  File "/home/kawr/Документы/my_project_folder/blogproject/.venv/lib/python3.11/site-packages/django/shortcuts.py", line 25, in render
    content = loader.render_to_string(template_name, context, request, using=using)
              ^^^^^^^^^^^^^^^^^^^^^^^^^^^^^^^^^^^^^^^^^^^^^^^^^^^^^^^^^^^^^^^^^^^^^
  File "/home/kawr/Документы/my_project_folder/blogproject/.venv/lib/python3.11/site-packages/django/template/loader.py", line 62, in render_to_string
    return template.render(context, request)
           ^^^^^^^^^^^^^^^^^^^^^^^^^^^^^^^^^
  File "/home/kawr/Документы/my_project_folder/blogproject/.venv/lib/python3.11/site-packages/django/template/backends/django.py", line 61, in render
    return self.template.render(context)
           ^^^^^^^^^^^^^^^^^^^^^^^^^^^^^
  File "/home/kawr/Документы/my_project_folder/blogproject/.venv/lib/python3.11/site-packages/django/template/base.py", line 171, in render
    return self._render(context)
           ^^^^^^^^^^^^^^^^^^^^^
  File "/home/kawr/Документы/my_project_folder/blogproject/.venv/lib/python3.11/site-packages/django/template/base.py", line 163, in _render
    return self.nodelist.render(context)
           ^^^^^^^^^^^^^^^^^^^^^^^^^^^^^
  File "/home/kawr/Документы/my_project_folder/blogproject/.venv/lib/python3.11/site-packages/django/template/base.py", line 1000, in render
    return SafeString("".join([node.render_annotated(context) for node in self]))
                              ^^^^^^^^^^^^^^^^^^^^^^^^^^^^^^^^^^^^^^^^^^^^^^^^^
  File "/home/kawr/Документы/my_project_folder/blogproject/.venv/lib/python3.11/site-packages/django/template/base.py", line 1000, in <listcomp>
    return SafeString("".join([node.render_annotated(context) for node in self]))
                               ^^^^^^^^^^^^^^^^^^^^^^^^^^^^^^
  File "/home/kawr/Документы/my_project_folder/blogproject/.venv/lib/python3.11/site-packages/django/template/base.py", line 961, in render_annotated
    return self.render(context)
           ^^^^^^^^^^^^^^^^^^^^
  File "/home/kawr/Документы/my_project_folder/blogproject/.venv/lib/python3.11/site-packages/django/template/loader_tags.py", line 159, in render
    return compiled_parent._render(context)
           ^^^^^^^^^^^^^^^^^^^^^^^^^^^^^^^^
  File "/home/kawr/Документы/my_project_folder/blogproject/.venv/lib/python3.11/site-packages/django/template/base.py", line 163, in _render
    return self.nodelist.render(context)
           ^^^^^^^^^^^^^^^^^^^^^^^^^^^^^
  File "/home/kawr/Документы/my_project_folder/blogproject/.venv/lib/python3.11/site-packages/django/template/base.py", line 1000, in render
    return SafeString("".join([node.render_annotated(context) for node in self]))
                              ^^^^^^^^^^^^^^^^^^^^^^^^^^^^^^^^^^^^^^^^^^^^^^^^^
  File "/home/kawr/Документы/my_project_folder/blogproject/.venv/lib/python3.11/site-packages/django/template/base.py", line 1000, in <listcomp>
    return SafeString("".join([node.render_annotated(context) for node in self]))
                               ^^^^^^^^^^^^^^^^^^^^^^^^^^^^^^
  File "/home/kawr/Документы/my_project_folder/blogproject/.venv/lib/python3.11/site-packages/django/template/base.py", line 961, in render_annotated
    return self.render(context)
           ^^^^^^^^^^^^^^^^^^^^
  File "/home/kawr/Документы/my_project_folder/blogproject/.venv/lib/python3.11/site-packages/django/template/loader_tags.py", line 65, in render
    result = block.nodelist.render(context)
             ^^^^^^^^^^^^^^^^^^^^^^^^^^^^^^
  File "/home/kawr/Документы/my_project_folder/blogproject/.venv/lib/python3.11/site-packages/django/template/base.py", line 1000, in render
    return SafeString("".join([node.render_annotated(context) for node in self]))
                              ^^^^^^^^^^^^^^^^^^^^^^^^^^^^^^^^^^^^^^^^^^^^^^^^^
  File "/home/kawr/Документы/my_project_folder/blogproject/.venv/lib/python3.11/site-packages/django/template/base.py", line 1000, in <listcomp>
    return SafeString("".join([node.render_annotated(context) for node in self]))
                               ^^^^^^^^^^^^^^^^^^^^^^^^^^^^^^
  File "/home/kawr/Документы/my_project_folder/blogproject/.venv/lib/python3.11/site-packages/django/template/base.py", line 961, in render_annotated
    return self.render(context)
           ^^^^^^^^^^^^^^^^^^^^
  File "/home/kawr/Документы/my_project_folder/blogproject/.venv/lib/python3.11/site-packages/django/template/defaulttags.py", line 242, in render
    nodelist.append(node.render_annotated(context))
                    ^^^^^^^^^^^^^^^^^^^^^^^^^^^^^^
  File "/home/kawr/Документы/my_project_folder/blogproject/.venv/lib/python3.11/site-packages/django/template/base.py", line 961, in render_annotated
    return self.render(context)
           ^^^^^^^^^^^^^^^^^^^^
  File "/home/kawr/Документы/my_project_folder/blogproject/.venv/lib/python3.11/site-packages/django/template/base.py", line 1059, in render
    output = self.filter_expression.resolve(context)
             ^^^^^^^^^^^^^^^^^^^^^^^^^^^^^^^^^^^^^^^
  File "/home/kawr/Документы/my_project_folder/blogproject/.venv/lib/python3.11/site-packages/django/template/base.py", line 710, in resolve
    obj = self.var.resolve(context)
          ^^^^^^^^^^^^^^^^^^^^^^^^^
  File "/home/kawr/Документы/my_project_folder/blogproject/.venv/lib/python3.11/site-packages/django/template/base.py", line 842, in resolve
    value = self._resolve_lookup(context)
            ^^^^^^^^^^^^^^^^^^^^^^^^^^^^^
  File "/home/kawr/Документы/my_project_folder/blogproject/.venv/lib/python3.11/site-packages/django/template/base.py", line 909, in _resolve_lookup
    current = current()
              ^^^^^^^^^
  File "/home/kawr/Документы/my_project_folder/blogproject/blogapp/models.py", line 57, in get_absolute_url
    return reverse('blogapp:post_detail',
           ^^^^^^^^^^^^^^^^^^^^^^^^^^^^^^
  File "/home/kawr/Документы/my_project_folder/blogproject/.venv/lib/python3.11/site-packages/django/urls/base.py", line 88, in reverse
    return resolver._reverse_with_prefix(view, prefix, *args, **kwargs)
           ^^^^^^^^^^^^^^^^^^^^^^^^^^^^^^^^^^^^^^^^^^^^^^^^^^^^^^^^^^^^
  File "/home/kawr/Документы/my_project_folder/blogproject/.venv/lib/python3.11/site-packages/django/urls/resolvers.py", line 851, in _reverse_with_prefix
    raise NoReverseMatch(msg)
django.urls.exceptions.NoReverseMatch: Reverse for 'post_detail' not found. 'post_detail' is not a valid view function or pattern name.
ERROR 2024-02-10 10:31:41,433 basehttp 16275 140668738582080 "GET / HTTP/1.1" 500 207372
INFO 2024-02-10 10:32:17,844 basehttp 16275 140668738582080 "GET / HTTP/1.1" 200 403
INFO 2024-02-10 10:32:19,385 basehttp 16275 140668738582080 "GET / HTTP/1.1" 200 403
INFO 2024-02-10 11:00:31,973 autoreload 16275 140668794671104 /home/kawr/Документы/my_project_folder/blogproject/blogapp/views.py changed, reloading.
INFO 2024-02-10 11:00:32,320 autoreload 16833 140171842985984 Watching for file changes with StatReloader
INFO 2024-02-10 11:01:47,744 autoreload 16858 140073561264128 Watching for file changes with StatReloader
ERROR 2024-02-10 11:01:52,223 log 16858 140073446143552 Internal Server Error: /
Traceback (most recent call last):
  File "/home/kawr/Документы/my_project_folder/blogproject/.venv/lib/python3.11/site-packages/django/core/handlers/exception.py", line 55, in inner
    response = get_response(request)
               ^^^^^^^^^^^^^^^^^^^^^
  File "/home/kawr/Документы/my_project_folder/blogproject/.venv/lib/python3.11/site-packages/django/core/handlers/base.py", line 197, in _get_response
    response = wrapped_callback(request, *callback_args, **callback_kwargs)
               ^^^^^^^^^^^^^^^^^^^^^^^^^^^^^^^^^^^^^^^^^^^^^^^^^^^^^^^^^^^^
  File "/home/kawr/Документы/my_project_folder/blogproject/.venv/lib/python3.11/site-packages/django/views/generic/base.py", line 104, in view
    return self.dispatch(request, *args, **kwargs)
           ^^^^^^^^^^^^^^^^^^^^^^^^^^^^^^^^^^^^^^^
  File "/home/kawr/Документы/my_project_folder/blogproject/.venv/lib/python3.11/site-packages/django/views/generic/base.py", line 143, in dispatch
    return handler(request, *args, **kwargs)
           ^^^^^^^^^^^^^^^^^^^^^^^^^^^^^^^^^
  File "/home/kawr/Документы/my_project_folder/blogproject/blogapp/views.py", line 17, in get
    return render(request, self.template_name, context=context)
           ^^^^^^^^^^^^^^^^^^^^^^^^^^^^^^^^^^^^^^^^^^^^^^^^^^^^
  File "/home/kawr/Документы/my_project_folder/blogproject/.venv/lib/python3.11/site-packages/django/shortcuts.py", line 25, in render
    content = loader.render_to_string(template_name, context, request, using=using)
              ^^^^^^^^^^^^^^^^^^^^^^^^^^^^^^^^^^^^^^^^^^^^^^^^^^^^^^^^^^^^^^^^^^^^^
  File "/home/kawr/Документы/my_project_folder/blogproject/.venv/lib/python3.11/site-packages/django/template/loader.py", line 62, in render_to_string
    return template.render(context, request)
           ^^^^^^^^^^^^^^^^^^^^^^^^^^^^^^^^^
  File "/home/kawr/Документы/my_project_folder/blogproject/.venv/lib/python3.11/site-packages/django/template/backends/django.py", line 61, in render
    return self.template.render(context)
           ^^^^^^^^^^^^^^^^^^^^^^^^^^^^^
  File "/home/kawr/Документы/my_project_folder/blogproject/.venv/lib/python3.11/site-packages/django/template/base.py", line 171, in render
    return self._render(context)
           ^^^^^^^^^^^^^^^^^^^^^
  File "/home/kawr/Документы/my_project_folder/blogproject/.venv/lib/python3.11/site-packages/django/template/base.py", line 163, in _render
    return self.nodelist.render(context)
           ^^^^^^^^^^^^^^^^^^^^^^^^^^^^^
  File "/home/kawr/Документы/my_project_folder/blogproject/.venv/lib/python3.11/site-packages/django/template/base.py", line 1000, in render
    return SafeString("".join([node.render_annotated(context) for node in self]))
                              ^^^^^^^^^^^^^^^^^^^^^^^^^^^^^^^^^^^^^^^^^^^^^^^^^
  File "/home/kawr/Документы/my_project_folder/blogproject/.venv/lib/python3.11/site-packages/django/template/base.py", line 1000, in <listcomp>
    return SafeString("".join([node.render_annotated(context) for node in self]))
                               ^^^^^^^^^^^^^^^^^^^^^^^^^^^^^^
  File "/home/kawr/Документы/my_project_folder/blogproject/.venv/lib/python3.11/site-packages/django/template/base.py", line 961, in render_annotated
    return self.render(context)
           ^^^^^^^^^^^^^^^^^^^^
  File "/home/kawr/Документы/my_project_folder/blogproject/.venv/lib/python3.11/site-packages/django/template/loader_tags.py", line 159, in render
    return compiled_parent._render(context)
           ^^^^^^^^^^^^^^^^^^^^^^^^^^^^^^^^
  File "/home/kawr/Документы/my_project_folder/blogproject/.venv/lib/python3.11/site-packages/django/template/base.py", line 163, in _render
    return self.nodelist.render(context)
           ^^^^^^^^^^^^^^^^^^^^^^^^^^^^^
  File "/home/kawr/Документы/my_project_folder/blogproject/.venv/lib/python3.11/site-packages/django/template/base.py", line 1000, in render
    return SafeString("".join([node.render_annotated(context) for node in self]))
                              ^^^^^^^^^^^^^^^^^^^^^^^^^^^^^^^^^^^^^^^^^^^^^^^^^
  File "/home/kawr/Документы/my_project_folder/blogproject/.venv/lib/python3.11/site-packages/django/template/base.py", line 1000, in <listcomp>
    return SafeString("".join([node.render_annotated(context) for node in self]))
                               ^^^^^^^^^^^^^^^^^^^^^^^^^^^^^^
  File "/home/kawr/Документы/my_project_folder/blogproject/.venv/lib/python3.11/site-packages/django/template/base.py", line 961, in render_annotated
    return self.render(context)
           ^^^^^^^^^^^^^^^^^^^^
  File "/home/kawr/Документы/my_project_folder/blogproject/.venv/lib/python3.11/site-packages/django/template/loader_tags.py", line 65, in render
    result = block.nodelist.render(context)
             ^^^^^^^^^^^^^^^^^^^^^^^^^^^^^^
  File "/home/kawr/Документы/my_project_folder/blogproject/.venv/lib/python3.11/site-packages/django/template/base.py", line 1000, in render
    return SafeString("".join([node.render_annotated(context) for node in self]))
                              ^^^^^^^^^^^^^^^^^^^^^^^^^^^^^^^^^^^^^^^^^^^^^^^^^
  File "/home/kawr/Документы/my_project_folder/blogproject/.venv/lib/python3.11/site-packages/django/template/base.py", line 1000, in <listcomp>
    return SafeString("".join([node.render_annotated(context) for node in self]))
                               ^^^^^^^^^^^^^^^^^^^^^^^^^^^^^^
  File "/home/kawr/Документы/my_project_folder/blogproject/.venv/lib/python3.11/site-packages/django/template/base.py", line 961, in render_annotated
    return self.render(context)
           ^^^^^^^^^^^^^^^^^^^^
  File "/home/kawr/Документы/my_project_folder/blogproject/.venv/lib/python3.11/site-packages/django/template/defaulttags.py", line 242, in render
    nodelist.append(node.render_annotated(context))
                    ^^^^^^^^^^^^^^^^^^^^^^^^^^^^^^
  File "/home/kawr/Документы/my_project_folder/blogproject/.venv/lib/python3.11/site-packages/django/template/base.py", line 961, in render_annotated
    return self.render(context)
           ^^^^^^^^^^^^^^^^^^^^
  File "/home/kawr/Документы/my_project_folder/blogproject/.venv/lib/python3.11/site-packages/django/template/base.py", line 1059, in render
    output = self.filter_expression.resolve(context)
             ^^^^^^^^^^^^^^^^^^^^^^^^^^^^^^^^^^^^^^^
  File "/home/kawr/Документы/my_project_folder/blogproject/.venv/lib/python3.11/site-packages/django/template/base.py", line 710, in resolve
    obj = self.var.resolve(context)
          ^^^^^^^^^^^^^^^^^^^^^^^^^
  File "/home/kawr/Документы/my_project_folder/blogproject/.venv/lib/python3.11/site-packages/django/template/base.py", line 842, in resolve
    value = self._resolve_lookup(context)
            ^^^^^^^^^^^^^^^^^^^^^^^^^^^^^
  File "/home/kawr/Документы/my_project_folder/blogproject/.venv/lib/python3.11/site-packages/django/template/base.py", line 909, in _resolve_lookup
    current = current()
              ^^^^^^^^^
  File "/home/kawr/Документы/my_project_folder/blogproject/blogapp/models.py", line 57, in get_absolute_url
    return reverse('blogapp:post_detail',
           ^^^^^^^^^^^^^^^^^^^^^^^^^^^^^^
  File "/home/kawr/Документы/my_project_folder/blogproject/.venv/lib/python3.11/site-packages/django/urls/base.py", line 88, in reverse
    return resolver._reverse_with_prefix(view, prefix, *args, **kwargs)
           ^^^^^^^^^^^^^^^^^^^^^^^^^^^^^^^^^^^^^^^^^^^^^^^^^^^^^^^^^^^^
  File "/home/kawr/Документы/my_project_folder/blogproject/.venv/lib/python3.11/site-packages/django/urls/resolvers.py", line 851, in _reverse_with_prefix
    raise NoReverseMatch(msg)
django.urls.exceptions.NoReverseMatch: Reverse for 'post_detail' not found. 'post_detail' is not a valid view function or pattern name.
ERROR 2024-02-10 11:01:52,225 basehttp 16858 140073446143552 "GET / HTTP/1.1" 500 208497
INFO 2024-02-10 11:02:27,931 autoreload 16918 140353976348672 Watching for file changes with StatReloader
INFO 2024-02-10 11:02:29,547 basehttp 16918 140353928566336 "GET / HTTP/1.1" 200 447
INFO 2024-02-10 11:02:31,121 basehttp 16918 140353928566336 "GET /2024/2/10/postic-rostik/ HTTP/1.1" 200 359
INFO 2024-02-10 11:27:20,708 autoreload 16918 140353976348672 /home/kawr/Документы/my_project_folder/blogproject/blogapp/models.py changed, reloading.
INFO 2024-02-10 11:27:20,992 autoreload 17219 140668991995904 Watching for file changes with StatReloader
INFO 2024-02-10 11:28:34,619 autoreload 17219 140668991995904 /home/kawr/Документы/my_project_folder/blogproject/blogapp/models.py changed, reloading.
INFO 2024-02-10 11:28:34,934 autoreload 17248 140677178200064 Watching for file changes with StatReloader
INFO 2024-02-10 11:29:46,995 autoreload 17328 140552671244288 Watching for file changes with StatReloader
INFO 2024-02-10 11:29:52,989 basehttp 17328 140552617064000 "GET /admin/blogapp/post/1/change/ HTTP/1.1" 200 14754
INFO 2024-02-10 11:29:53,018 basehttp 17328 140552617064000 "GET /admin/jsi18n/ HTTP/1.1" 200 17546
INFO 2024-02-10 11:29:53,115 basehttp 17328 140552617064000 "GET /static/admin/img/tooltag-arrowright.svg HTTP/1.1" 200 280
INFO 2024-02-10 11:31:33,935 basehttp 17328 140552617064000 "POST /admin/blogapp/post/1/change/ HTTP/1.1" 302 0
INFO 2024-02-10 11:31:33,981 basehttp 17328 140552617064000 "GET /admin/blogapp/post/ HTTP/1.1" 200 13813
INFO 2024-02-10 11:31:34,061 basehttp 17328 140552617064000 "GET /admin/jsi18n/ HTTP/1.1" 200 17546
INFO 2024-02-10 11:32:54,688 autoreload 17328 140552671244288 /home/kawr/Документы/my_project_folder/blogproject/blogapp/admin.py changed, reloading.
INFO 2024-02-10 11:32:55,006 autoreload 17695 140433978421248 Watching for file changes with StatReloader
INFO 2024-02-10 11:33:40,577 autoreload 17695 140433978421248 /home/kawr/Документы/my_project_folder/blogproject/blogapp/admin.py changed, reloading.
INFO 2024-02-10 11:33:40,854 autoreload 17709 140492940103680 Watching for file changes with StatReloader
INFO 2024-02-10 11:34:09,571 autoreload 17752 139770756997120 Watching for file changes with StatReloader
ERROR 2024-02-10 11:34:14,436 log 17752 139770703377984 Internal Server Error: /admin/blogapp/post/
Traceback (most recent call last):
  File "/home/kawr/Документы/my_project_folder/blogproject/.venv/lib/python3.11/site-packages/django/db/models/options.py", line 681, in get_field
    return self.fields_map[field_name]
           ~~~~~~~~~~~~~~~^^^^^^^^^^^^
KeyError: 'display_image'

During handling of the above exception, another exception occurred:

Traceback (most recent call last):
  File "/home/kawr/Документы/my_project_folder/blogproject/.venv/lib/python3.11/site-packages/django/contrib/admin/utils.py", line 289, in lookup_field
    f = _get_non_gfk_field(opts, name)
        ^^^^^^^^^^^^^^^^^^^^^^^^^^^^^^
  File "/home/kawr/Документы/my_project_folder/blogproject/.venv/lib/python3.11/site-packages/django/contrib/admin/utils.py", line 322, in _get_non_gfk_field
    field = opts.get_field(name)
            ^^^^^^^^^^^^^^^^^^^^
  File "/home/kawr/Документы/my_project_folder/blogproject/.venv/lib/python3.11/site-packages/django/db/models/options.py", line 683, in get_field
    raise FieldDoesNotExist(
django.core.exceptions.FieldDoesNotExist: Post has no field named 'display_image'

During handling of the above exception, another exception occurred:

Traceback (most recent call last):
  File "/home/kawr/Документы/my_project_folder/blogproject/.venv/lib/python3.11/site-packages/django/core/handlers/exception.py", line 55, in inner
    response = get_response(request)
               ^^^^^^^^^^^^^^^^^^^^^
  File "/home/kawr/Документы/my_project_folder/blogproject/.venv/lib/python3.11/site-packages/django/core/handlers/base.py", line 220, in _get_response
    response = response.render()
               ^^^^^^^^^^^^^^^^^
  File "/home/kawr/Документы/my_project_folder/blogproject/.venv/lib/python3.11/site-packages/django/template/response.py", line 114, in render
    self.content = self.rendered_content
                   ^^^^^^^^^^^^^^^^^^^^^
  File "/home/kawr/Документы/my_project_folder/blogproject/.venv/lib/python3.11/site-packages/django/template/response.py", line 92, in rendered_content
    return template.render(context, self._request)
           ^^^^^^^^^^^^^^^^^^^^^^^^^^^^^^^^^^^^^^^
  File "/home/kawr/Документы/my_project_folder/blogproject/.venv/lib/python3.11/site-packages/django/template/backends/django.py", line 61, in render
    return self.template.render(context)
           ^^^^^^^^^^^^^^^^^^^^^^^^^^^^^
  File "/home/kawr/Документы/my_project_folder/blogproject/.venv/lib/python3.11/site-packages/django/template/base.py", line 171, in render
    return self._render(context)
           ^^^^^^^^^^^^^^^^^^^^^
  File "/home/kawr/Документы/my_project_folder/blogproject/.venv/lib/python3.11/site-packages/django/template/base.py", line 163, in _render
    return self.nodelist.render(context)
           ^^^^^^^^^^^^^^^^^^^^^^^^^^^^^
  File "/home/kawr/Документы/my_project_folder/blogproject/.venv/lib/python3.11/site-packages/django/template/base.py", line 1000, in render
    return SafeString("".join([node.render_annotated(context) for node in self]))
                              ^^^^^^^^^^^^^^^^^^^^^^^^^^^^^^^^^^^^^^^^^^^^^^^^^
  File "/home/kawr/Документы/my_project_folder/blogproject/.venv/lib/python3.11/site-packages/django/template/base.py", line 1000, in <listcomp>
    return SafeString("".join([node.render_annotated(context) for node in self]))
                               ^^^^^^^^^^^^^^^^^^^^^^^^^^^^^^
  File "/home/kawr/Документы/my_project_folder/blogproject/.venv/lib/python3.11/site-packages/django/template/base.py", line 961, in render_annotated
    return self.render(context)
           ^^^^^^^^^^^^^^^^^^^^
  File "/home/kawr/Документы/my_project_folder/blogproject/.venv/lib/python3.11/site-packages/django/template/loader_tags.py", line 159, in render
    return compiled_parent._render(context)
           ^^^^^^^^^^^^^^^^^^^^^^^^^^^^^^^^
  File "/home/kawr/Документы/my_project_folder/blogproject/.venv/lib/python3.11/site-packages/django/template/base.py", line 163, in _render
    return self.nodelist.render(context)
           ^^^^^^^^^^^^^^^^^^^^^^^^^^^^^
  File "/home/kawr/Документы/my_project_folder/blogproject/.venv/lib/python3.11/site-packages/django/template/base.py", line 1000, in render
    return SafeString("".join([node.render_annotated(context) for node in self]))
                              ^^^^^^^^^^^^^^^^^^^^^^^^^^^^^^^^^^^^^^^^^^^^^^^^^
  File "/home/kawr/Документы/my_project_folder/blogproject/.venv/lib/python3.11/site-packages/django/template/base.py", line 1000, in <listcomp>
    return SafeString("".join([node.render_annotated(context) for node in self]))
                               ^^^^^^^^^^^^^^^^^^^^^^^^^^^^^^
  File "/home/kawr/Документы/my_project_folder/blogproject/.venv/lib/python3.11/site-packages/django/template/base.py", line 961, in render_annotated
    return self.render(context)
           ^^^^^^^^^^^^^^^^^^^^
  File "/home/kawr/Документы/my_project_folder/blogproject/.venv/lib/python3.11/site-packages/django/template/loader_tags.py", line 159, in render
    return compiled_parent._render(context)
           ^^^^^^^^^^^^^^^^^^^^^^^^^^^^^^^^
  File "/home/kawr/Документы/my_project_folder/blogproject/.venv/lib/python3.11/site-packages/django/template/base.py", line 163, in _render
    return self.nodelist.render(context)
           ^^^^^^^^^^^^^^^^^^^^^^^^^^^^^
  File "/home/kawr/Документы/my_project_folder/blogproject/.venv/lib/python3.11/site-packages/django/template/base.py", line 1000, in render
    return SafeString("".join([node.render_annotated(context) for node in self]))
                              ^^^^^^^^^^^^^^^^^^^^^^^^^^^^^^^^^^^^^^^^^^^^^^^^^
  File "/home/kawr/Документы/my_project_folder/blogproject/.venv/lib/python3.11/site-packages/django/template/base.py", line 1000, in <listcomp>
    return SafeString("".join([node.render_annotated(context) for node in self]))
                               ^^^^^^^^^^^^^^^^^^^^^^^^^^^^^^
  File "/home/kawr/Документы/my_project_folder/blogproject/.venv/lib/python3.11/site-packages/django/template/base.py", line 961, in render_annotated
    return self.render(context)
           ^^^^^^^^^^^^^^^^^^^^
  File "/home/kawr/Документы/my_project_folder/blogproject/.venv/lib/python3.11/site-packages/django/template/loader_tags.py", line 65, in render
    result = block.nodelist.render(context)
             ^^^^^^^^^^^^^^^^^^^^^^^^^^^^^^
  File "/home/kawr/Документы/my_project_folder/blogproject/.venv/lib/python3.11/site-packages/django/template/base.py", line 1000, in render
    return SafeString("".join([node.render_annotated(context) for node in self]))
                              ^^^^^^^^^^^^^^^^^^^^^^^^^^^^^^^^^^^^^^^^^^^^^^^^^
  File "/home/kawr/Документы/my_project_folder/blogproject/.venv/lib/python3.11/site-packages/django/template/base.py", line 1000, in <listcomp>
    return SafeString("".join([node.render_annotated(context) for node in self]))
                               ^^^^^^^^^^^^^^^^^^^^^^^^^^^^^^
  File "/home/kawr/Документы/my_project_folder/blogproject/.venv/lib/python3.11/site-packages/django/template/base.py", line 961, in render_annotated
    return self.render(context)
           ^^^^^^^^^^^^^^^^^^^^
  File "/home/kawr/Документы/my_project_folder/blogproject/.venv/lib/python3.11/site-packages/django/template/loader_tags.py", line 65, in render
    result = block.nodelist.render(context)
             ^^^^^^^^^^^^^^^^^^^^^^^^^^^^^^
  File "/home/kawr/Документы/my_project_folder/blogproject/.venv/lib/python3.11/site-packages/django/template/base.py", line 1000, in render
    return SafeString("".join([node.render_annotated(context) for node in self]))
                              ^^^^^^^^^^^^^^^^^^^^^^^^^^^^^^^^^^^^^^^^^^^^^^^^^
  File "/home/kawr/Документы/my_project_folder/blogproject/.venv/lib/python3.11/site-packages/django/template/base.py", line 1000, in <listcomp>
    return SafeString("".join([node.render_annotated(context) for node in self]))
                               ^^^^^^^^^^^^^^^^^^^^^^^^^^^^^^
  File "/home/kawr/Документы/my_project_folder/blogproject/.venv/lib/python3.11/site-packages/django/template/base.py", line 961, in render_annotated
    return self.render(context)
           ^^^^^^^^^^^^^^^^^^^^
  File "/home/kawr/Документы/my_project_folder/blogproject/.venv/lib/python3.11/site-packages/django/contrib/admin/templatetags/base.py", line 45, in render
    return super().render(context)
           ^^^^^^^^^^^^^^^^^^^^^^^
  File "/home/kawr/Документы/my_project_folder/blogproject/.venv/lib/python3.11/site-packages/django/template/library.py", line 258, in render
    _dict = self.func(*resolved_args, **resolved_kwargs)
            ^^^^^^^^^^^^^^^^^^^^^^^^^^^^^^^^^^^^^^^^^^^^
  File "/home/kawr/Документы/my_project_folder/blogproject/.venv/lib/python3.11/site-packages/django/contrib/admin/templatetags/admin_list.py", line 345, in result_list
    "results": list(results(cl)),
               ^^^^^^^^^^^^^^^^^
  File "/home/kawr/Документы/my_project_folder/blogproject/.venv/lib/python3.11/site-packages/django/contrib/admin/templatetags/admin_list.py", line 321, in results
    yield ResultList(None, items_for_result(cl, res, None))
          ^^^^^^^^^^^^^^^^^^^^^^^^^^^^^^^^^^^^^^^^^^^^^^^^^
  File "/home/kawr/Документы/my_project_folder/blogproject/.venv/lib/python3.11/site-packages/django/contrib/admin/templatetags/admin_list.py", line 312, in __init__
    super().__init__(*items)
  File "/home/kawr/Документы/my_project_folder/blogproject/.venv/lib/python3.11/site-packages/django/contrib/admin/templatetags/admin_list.py", line 217, in items_for_result
    f, attr, value = lookup_field(field_name, result, cl.model_admin)
                     ^^^^^^^^^^^^^^^^^^^^^^^^^^^^^^^^^^^^^^^^^^^^^^^^
  File "/home/kawr/Документы/my_project_folder/blogproject/.venv/lib/python3.11/site-packages/django/contrib/admin/utils.py", line 298, in lookup_field
    value = attr(obj)
            ^^^^^^^^^
  File "/home/kawr/Документы/my_project_folder/blogproject/blogapp/admin.py", line 28, in display_image
    if obj.image:
       ^^^^^^^^^
AttributeError: 'Post' object has no attribute 'image'
ERROR 2024-02-10 11:34:14,438 basehttp 17752 139770703377984 "GET /admin/blogapp/post/ HTTP/1.1" 500 377643
INFO 2024-02-10 11:34:25,622 autoreload 17768 139646785662976 Watching for file changes with StatReloader
INFO 2024-02-10 11:34:31,641 autoreload 17775 139629915279360 Watching for file changes with StatReloader
INFO 2024-02-10 11:34:32,128 basehttp 17775 139629789443648 "GET /admin/blogapp/post/ HTTP/1.1" 200 13850
INFO 2024-02-10 11:34:32,159 basehttp 17775 139629789443648 "GET /admin/jsi18n/ HTTP/1.1" 200 17546
INFO 2024-02-10 11:34:32,175 basehttp 17775 139629781050944 "GET /media/media/photos/OIG.jpg HTTP/1.1" 200 122970
INFO 2024-02-10 11:34:34,591 basehttp 17775 139629789443648 "GET /admin/blogapp/post/1/change/ HTTP/1.1" 200 15092
INFO 2024-02-10 11:34:34,621 basehttp 17775 139629789443648 "GET /admin/jsi18n/ HTTP/1.1" 200 17546
INFO 2024-02-10 11:34:36,436 basehttp 17775 139629789443648 "GET /admin/blogapp/user/ HTTP/1.1" 200 15156
INFO 2024-02-10 11:34:36,452 basehttp 17775 139629789443648 "GET /admin/jsi18n/ HTTP/1.1" 200 17546
INFO 2024-02-10 11:34:37,205 basehttp 17775 139629789443648 "GET /admin/blogapp/post/ HTTP/1.1" 200 13850
INFO 2024-02-10 11:34:37,231 basehttp 17775 139629789443648 "GET /admin/jsi18n/ HTTP/1.1" 200 17546
INFO 2024-02-10 11:34:44,601 basehttp 17775 139629789443648 "GET /2024/2/10/postic-rostik/ HTTP/1.1" 200 392
INFO 2024-02-10 11:36:48,916 autoreload 17817 140097674825728 Watching for file changes with StatReloader
INFO 2024-02-10 11:36:52,121 basehttp 17817 140097621063232 "GET /2024/2/10/postic-rostik/ HTTP/1.1" 200 894
INFO 2024-02-10 11:36:52,166 basehttp 17817 140097621063232 "GET /media/media/photos/OIG.jpg HTTP/1.1" 304 0
INFO 2024-02-10 11:37:45,689 autoreload 17858 140004094586880 Watching for file changes with StatReloader
INFO 2024-02-10 11:37:48,615 basehttp 17858 140004039849536 "GET /2024/2/10/postic-rostik/ HTTP/1.1" 200 1180
INFO 2024-02-10 11:37:48,648 basehttp 17858 140004039849536 "GET /media/media/photos/OIG.jpg HTTP/1.1" 304 0
INFO 2024-02-10 11:38:04,566 basehttp 17858 140004039849536 "GET / HTTP/1.1" 200 733
INFO 2024-02-10 11:38:11,250 basehttp 17858 140004039849536 "GET /2024/2/10/postic-rostik/ HTTP/1.1" 200 1180
INFO 2024-02-10 11:40:25,291 autoreload 17858 140004094586880 /home/kawr/Документы/my_project_folder/blogproject/blogapp/views.py changed, reloading.
INFO 2024-02-10 11:40:25,587 autoreload 17964 140530745307136 Watching for file changes with StatReloader
INFO 2024-02-10 11:42:09,893 autoreload 17964 140530745307136 /home/kawr/Документы/my_project_folder/blogproject/blogapp/views.py changed, reloading.
INFO 2024-02-10 11:42:10,223 autoreload 18002 139767044222976 Watching for file changes with StatReloader
INFO 2024-02-10 11:42:16,171 autoreload 18008 140201042374656 Watching for file changes with StatReloader
INFO 2024-02-10 11:42:20,640 basehttp 18008 140200987588160 "GET / HTTP/1.1" 200 733
INFO 2024-02-10 11:42:31,254 autoreload 18073 140089954242560 Watching for file changes with StatReloader
ERROR 2024-02-10 11:42:32,987 log 18073 140089900398144 Internal Server Error: /
Traceback (most recent call last):
  File "/home/kawr/Документы/my_project_folder/blogproject/.venv/lib/python3.11/site-packages/django/core/handlers/exception.py", line 55, in inner
    response = get_response(request)
               ^^^^^^^^^^^^^^^^^^^^^
  File "/home/kawr/Документы/my_project_folder/blogproject/.venv/lib/python3.11/site-packages/django/core/handlers/base.py", line 197, in _get_response
    response = wrapped_callback(request, *callback_args, **callback_kwargs)
               ^^^^^^^^^^^^^^^^^^^^^^^^^^^^^^^^^^^^^^^^^^^^^^^^^^^^^^^^^^^^
  File "/home/kawr/Документы/my_project_folder/blogproject/.venv/lib/python3.11/site-packages/django/views/generic/base.py", line 104, in view
    return self.dispatch(request, *args, **kwargs)
           ^^^^^^^^^^^^^^^^^^^^^^^^^^^^^^^^^^^^^^^
  File "/home/kawr/Документы/my_project_folder/blogproject/.venv/lib/python3.11/site-packages/django/views/generic/base.py", line 143, in dispatch
    return handler(request, *args, **kwargs)
           ^^^^^^^^^^^^^^^^^^^^^^^^^^^^^^^^^
  File "/home/kawr/Документы/my_project_folder/blogproject/blogapp/views.py", line 15, in get
    posts = paginator.get_page(page_number)
            ^^^^^^^^^^^^^^^^^^^^^^^^^^^^^^^
  File "/home/kawr/Документы/my_project_folder/blogproject/.venv/lib/python3.11/site-packages/django/core/paginator.py", line 80, in get_page
    number = self.validate_number(number)
             ^^^^^^^^^^^^^^^^^^^^^^^^^^^^
  File "/home/kawr/Документы/my_project_folder/blogproject/.venv/lib/python3.11/site-packages/django/core/paginator.py", line 70, in validate_number
    if number > self.num_pages:
                ^^^^^^^^^^^^^^
  File "/home/kawr/Документы/my_project_folder/blogproject/.venv/lib/python3.11/site-packages/django/utils/functional.py", line 47, in __get__
    res = instance.__dict__[self.name] = self.func(instance)
                                         ^^^^^^^^^^^^^^^^^^^
  File "/home/kawr/Документы/my_project_folder/blogproject/.venv/lib/python3.11/site-packages/django/core/paginator.py", line 119, in num_pages
    return ceil(hits / self.per_page)
                ~~~~~^~~~~~~~~~~~~~~
ZeroDivisionError: division by zero
ERROR 2024-02-10 11:42:32,988 basehttp 18073 140089900398144 "GET / HTTP/1.1" 500 101637
INFO 2024-02-10 11:42:42,016 autoreload 18085 140557783588864 Watching for file changes with StatReloader
INFO 2024-02-10 11:42:48,650 autoreload 18092 140034906656768 Watching for file changes with StatReloader
INFO 2024-02-10 11:42:49,705 basehttp 18092 140034786195008 "GET / HTTP/1.1" 200 733
INFO 2024-02-10 11:42:52,708 basehttp 18092 140034786195008 "GET /admin/blogapp/post/add/ HTTP/1.1" 200 14286
INFO 2024-02-10 11:42:52,754 basehttp 18092 140034786195008 "GET /admin/jsi18n/ HTTP/1.1" 200 17546
INFO 2024-02-10 11:43:31,290 basehttp 18092 140034786195008 "POST /admin/blogapp/post/add/ HTTP/1.1" 302 0
INFO 2024-02-10 11:43:31,342 basehttp 18092 140034786195008 "GET /admin/blogapp/post/ HTTP/1.1" 200 14918
INFO 2024-02-10 11:43:31,415 basehttp 18092 140034786195008 "GET /admin/jsi18n/ HTTP/1.1" 200 17546
INFO 2024-02-10 11:43:31,449 basehttp 18092 140034777802304 "GET /media/media/photos/OIG_3XAKx7e.jpg HTTP/1.1" 200 122970
INFO 2024-02-10 11:43:31,455 basehttp 18092 140034777802304 "GET /media/media/photos/OIG.jpg HTTP/1.1" 304 0
INFO 2024-02-10 11:43:34,657 basehttp 18092 140034777802304 "GET / HTTP/1.1" 200 733
INFO 2024-02-10 11:43:36,807 basehttp 18092 140034777802304 "GET / HTTP/1.1" 200 733
INFO 2024-02-10 12:15:06,791 autoreload 21307 140466189045760 Watching for file changes with StatReloader
INFO 2024-02-10 12:15:11,743 basehttp 21307 140466135758400 "GET / HTTP/1.1" 200 855
INFO 2024-02-10 12:16:10,635 autoreload 21391 139772510916608 Watching for file changes with StatReloader
INFO 2024-02-10 12:16:14,739 basehttp 21391 139772389488192 "GET / HTTP/1.1" 200 897
INFO 2024-02-10 12:16:15,996 basehttp 21391 139772389488192 "GET /?page=2 HTTP/1.1" 200 1028
INFO 2024-02-10 12:16:18,365 basehttp 21391 139772389488192 "GET /?page=1 HTTP/1.1" 200 897
INFO 2024-02-10 12:16:19,432 basehttp 21391 139772389488192 "GET /?page=2 HTTP/1.1" 200 1028
INFO 2024-02-10 12:16:20,310 basehttp 21391 139772389488192 "GET /?page=1 HTTP/1.1" 200 897
INFO 2024-02-10 12:16:21,868 basehttp 21391 139772389488192 "GET /?page=2 HTTP/1.1" 200 1028
INFO 2024-02-10 12:43:34,910 autoreload 21391 139772510916608 /home/kawr/Документы/my_project_folder/blogproject/blogapp/views.py changed, reloading.
INFO 2024-02-10 12:43:35,211 autoreload 22576 140269314600960 Watching for file changes with StatReloader
INFO 2024-02-10 12:55:57,450 autoreload 22790 140141730365440 Watching for file changes with StatReloader
INFO 2024-02-10 12:56:03,111 basehttp 22790 140141675935296 "GET /?page=1 HTTP/1.1" 200 897
INFO 2024-02-10 12:56:03,870 basehttp 22790 140141675935296 "GET /?page=2 HTTP/1.1" 200 1028
INFO 2024-02-10 12:56:06,696 basehttp 22790 140141675935296 "GET /?page=50 HTTP/1.1" 200 1028
INFO 2024-02-10 12:56:11,421 basehttp 22790 140141675935296 "GET /?page=50 HTTP/1.1" 200 1028
INFO 2024-02-10 12:56:17,728 basehttp 22790 140141675935296 "GET /?page=3 HTTP/1.1" 200 1028
INFO 2024-02-10 12:56:24,386 basehttp 22790 140141675935296 "GET /?page=1 HTTP/1.1" 200 897
INFO 2024-02-10 12:57:37,473 basehttp 22790 140141675935296 "GET /?page=kkjnjkl HTTP/1.1" 200 897
INFO 2024-02-10 13:02:10,031 autoreload 22973 140570897383424 Watching for file changes with StatReloader
WARNING 2024-02-10 13:02:20,366 log 22973 140570842363456 Not Found: /
WARNING 2024-02-10 13:02:20,366 basehttp 22973 140570842363456 "GET /?page=kkjnjkl HTTP/1.1" 404 2542
WARNING 2024-02-10 13:02:32,828 log 22973 140570842363456 Not Found: /
WARNING 2024-02-10 13:02:32,829 basehttp 22973 140570842363456 "GET /?page=0 HTTP/1.1" 404 2450
INFO 2024-02-10 13:02:35,876 basehttp 22973 140570842363456 "GET /?page=1 HTTP/1.1" 200 1300
INFO 2024-02-10 13:03:25,806 autoreload 23048 139865387212800 Watching for file changes with StatReloader
INFO 2024-02-10 13:03:27,701 basehttp 23048 139865332119104 "GET /?page=1 HTTP/1.1" 200 1302
WARNING 2024-02-10 13:03:57,563 log 23048 139865332119104 Not Found: /
WARNING 2024-02-10 13:03:57,564 basehttp 23048 139865332119104 "GET /?page=10 HTTP/1.1" 404 2471
INFO 2024-02-10 13:06:32,777 basehttp 23048 139865332119104 "GET /?page=1 HTTP/1.1" 200 1302
